Running: C:\Xilinx\14.7\ISE_DS\ISE\bin\nt\unwrapped\fuse.exe -intstyle ise -incremental -o C:/Users/lab/Desktop/AWP_GAME2/vgatest_isim_beh.exe -prj C:/Users/lab/Desktop/AWP_GAME2/vgatest_beh.prj work.vgatest 
ISim P.20131013 (signature 0x8ef4fb42)
Number of CPUs detected in this system: 2
Turning on mult-threading, number of parallel sub-compilation jobs: 4 
Determining compilation order of HDL files
Parsing VHDL file "C:/Users/lab/Desktop/AWP_GAME2/VGA_800x600_72Hz.vhd" into library work
Parsing VHDL file "C:/Users/lab/Desktop/AWP_GAME2/vgatest.vhd" into library work
Starting static elaboration
Completed static elaboration
Fuse Memory Usage: 110048 KB
Fuse CPU Usage: 280 ms
Compiling package standard
Compiling package std_logic_1164
Compiling package numeric_std
Compiling architecture behavioral of entity VGA_800x600_72Hz [vga_800x600_72hz_default]
Compiling architecture behavior of entity vgatest
Time Resolution for simulation is 1ps.
Waiting for 1 sub-compilation(s) to finish...
Compiled 6 VHDL Units
Built simulation executable C:/Users/lab/Desktop/AWP_GAME2/vgatest_isim_beh.exe
Fuse Memory Usage: 124560 KB
Fuse CPU Usage: 404 ms
